<?xml version="1.0" encoding="UTF-8"?>
<!-- Generated by org.testng.reporters.JUnitReportReporter -->
<testsuite skipped="0" hostname="DESKTOP-RBRK20I" name="winappsample.browserlunch" tests="1" failures="0" timestamp="2021-03-15T22:35:28 IST" time="6.488" errors="0">
  <testcase name="testbrowserlaunch" time="6.488" classname="winappsample.browserlunch"/>
  <system-out/>
</testsuite> <!-- winappsample.browserlunch -->
